# JRE version: Java(TM) SE Runtime Environment (7.0_51-b13) (build 1.7.0_51-b13)
# Java VM: Java HotSpot(TM) 64-Bit Server VM (24.51-b03 mixed mode bsd-amd64 compressed oops)
Heap
 PSYoungGen      total 142848K, used 15936K [0x00000007aaa80000, 0x00000007b4080000, 0x0000000800000000)
  eden space 132096K, 4% used [0x00000007aaa80000,0x00000007aafc8dc0,0x00000007b2b80000)
  from space 10752K, 97% used [0x00000007b3600000,0x00000007b40472c8,0x00000007b4080000)
  to   space 10752K, 0% used [0x00000007b2b80000,0x00000007b2b80000,0x00000007b3600000)
 ParOldGen       total 174592K, used 13082K [0x0000000700000000, 0x000000070aa80000, 0x00000007aaa80000)
  object space 174592K, 7% used [0x0000000700000000,0x0000000700cc6bd0,0x000000070aa80000)
 PSPermGen       total 21504K, used 13184K [0x00000006fae00000, 0x00000006fc300000, 0x0000000700000000)
  object space 21504K, 61% used [0x00000006fae00000,0x00000006fbae0378,0x00000006fc300000)
GC Heap History (4 events):
Event: 0.855 GC heap before
{Heap before GC invocations=1 (full 0):
 PSYoungGen      total 76800K, used 65705K [0x00000007aaa80000, 0x00000007b0000000, 0x0000000800000000)
  eden space 66048K, 99% used [0x00000007aaa80000,0x00000007aeaaa5d8,0x00000007aeb00000)
  from space 10752K, 0% used [0x00000007af580000,0x00000007af580000,0x00000007b0000000)
  to   space 10752K, 0% used [0x00000007aeb00000,0x00000007aeb00000,0x00000007af580000)
 ParOldGen       total 174592K, used 0K [0x0000000700000000, 0x000000070aa80000, 0x00000007aaa80000)
  object space 174592K, 0% used [0x0000000700000000,0x0000000700000000,0x000000070aa80000)
 PSPermGen       total 21504K, used 10219K [0x00000006fae00000, 0x00000006fc300000, 0x0000000700000000)
  object space 21504K, 47% used [0x00000006fae00000,0x00000006fb7fad28,0x00000006fc300000)
Event: 0.865 GC heap after
Heap after GC invocations=1 (full 0):
 PSYoungGen      total 76800K, used 7917K [0x00000007aaa80000, 0x00000007b4080000, 0x0000000800000000)
  eden space 66048K, 0% used [0x00000007aaa80000,0x00000007aaa80000,0x00000007aeb00000)
  from space 10752K, 73% used [0x00000007aeb00000,0x00000007af2bb5d8,0x00000007af580000)
  to   space 10752K, 0% used [0x00000007b3600000,0x00000007b3600000,0x00000007b4080000)
 ParOldGen       total 174592K, used 13074K [0x0000000700000000, 0x000000070aa80000, 0x00000007aaa80000)
  object space 174592K, 7% used [0x0000000700000000,0x0000000700cc4bd0,0x000000070aa80000)
 PSPermGen       total 21504K, used 10219K [0x00000006fae00000, 0x00000006fc300000, 0x0000000700000000)
  object space 21504K, 47% used [0x00000006fae00000,0x00000006fb7fad28,0x00000006fc300000)
}
Event: 2.279 GC heap before
{Heap before GC invocations=2 (full 0):
 PSYoungGen      total 76800K, used 73965K [0x00000007aaa80000, 0x00000007b4080000, 0x0000000800000000)
  eden space 66048K, 100% used [0x00000007aaa80000,0x00000007aeb00000,0x00000007aeb00000)
  from space 10752K, 73% used [0x00000007aeb00000,0x00000007af2bb5d8,0x00000007af580000)
  to   space 10752K, 0% used [0x00000007b3600000,0x00000007b3600000,0x00000007b4080000)
 ParOldGen       total 174592K, used 13074K [0x0000000700000000, 0x000000070aa80000, 0x00000007aaa80000)
  object space 174592K, 7% used [0x0000000700000000,0x0000000700cc4bd0,0x000000070aa80000)
 PSPermGen       total 21504K, used 13184K [0x00000006fae00000, 0x00000006fc300000, 0x0000000700000000)
  object space 21504K, 61% used [0x00000006fae00000,0x00000006fbae00e8,0x00000006fc300000)
Event: 2.293 GC heap after
Heap after GC invocations=2 (full 0):
 PSYoungGen      total 142848K, used 10524K [0x00000007aaa80000, 0x00000007b4080000, 0x0000000800000000)
  eden space 132096K, 0% used [0x00000007aaa80000,0x00000007aaa80000,0x00000007b2b80000)
  from space 10752K, 97% used [0x00000007b3600000,0x00000007b40472c8,0x00000007b4080000)
  to   space 10752K, 0% used [0x00000007b2b80000,0x00000007b2b80000,0x00000007b3600000)
 ParOldGen       total 174592K, used 13082K [0x0000000700000000, 0x000000070aa80000, 0x00000007aaa80000)
  object space 174592K, 7% used [0x0000000700000000,0x0000000700cc6bd0,0x000000070aa80000)
 PSPermGen       total 21504K, used 13184K [0x00000006fae00000, 0x00000006fc300000, 0x0000000700000000)
  object space 21504K, 61% used [0x00000006fae00000,0x00000006fbae00e8,0x00000006fc300000)
}

